{"level":"info","message":{"method":"OPTIONS","requestId":"bc96e4f8-f4ce-48d9-a521-c9e107722e07","url":"/api/users/login"},"timestamp":"2026-02-27T06:27:24.818Z"}
{"level":"error","message":"Cannot set property query of #<IncomingMessage> which has only a getter","stack":"TypeError: Cannot set property query of #<IncomingMessage> which has only a getter\n    at C:\\Users\\dell\\Desktop\\Todo\\server\\node_modules\\express-mongo-sanitize\\index.js:113:18\n    at Array.forEach (<anonymous>)\n    at C:\\Users\\dell\\Desktop\\Todo\\server\\node_modules\\express-mongo-sanitize\\index.js:110:44\n    at Layer.handleRequest (C:\\Users\\dell\\Desktop\\Todo\\server\\node_modules\\router\\lib\\layer.js:152:17)\n    at trimPrefix (C:\\Users\\dell\\Desktop\\Todo\\server\\node_modules\\router\\index.js:342:13)\n    at C:\\Users\\dell\\Desktop\\Todo\\server\\node_modules\\router\\index.js:297:9\n    at processParams (C:\\Users\\dell\\Desktop\\Todo\\server\\node_modules\\router\\index.js:582:12)\n    at next (C:\\Users\\dell\\Desktop\\Todo\\server\\node_modules\\router\\index.js:291:5)\n    at cookieParser (C:\\Users\\dell\\Desktop\\Todo\\server\\node_modules\\cookie-parser\\index.js:57:14)\n    at Layer.handleRequest (C:\\Users\\dell\\Desktop\\Todo\\server\\node_modules\\router\\lib\\layer.js:152:17)","statusCode":500,"timestamp":"2026-02-27T06:27:24.829Z"}
{"level":"info","message":{"method":"OPTIONS","requestId":"60b8f721-6caf-467e-8c98-8491d0851456","url":"/api/users/login"},"timestamp":"2026-02-27T06:27:39.256Z"}
{"level":"error","message":"Cannot set property query of #<IncomingMessage> which has only a getter","stack":"TypeError: Cannot set property query of #<IncomingMessage> which has only a getter\n    at C:\\Users\\dell\\Desktop\\Todo\\server\\node_modules\\express-mongo-sanitize\\index.js:113:18\n    at Array.forEach (<anonymous>)\n    at C:\\Users\\dell\\Desktop\\Todo\\server\\node_modules\\express-mongo-sanitize\\index.js:110:44\n    at Layer.handleRequest (C:\\Users\\dell\\Desktop\\Todo\\server\\node_modules\\router\\lib\\layer.js:152:17)\n    at trimPrefix (C:\\Users\\dell\\Desktop\\Todo\\server\\node_modules\\router\\index.js:342:13)\n    at C:\\Users\\dell\\Desktop\\Todo\\server\\node_modules\\router\\index.js:297:9\n    at processParams (C:\\Users\\dell\\Desktop\\Todo\\server\\node_modules\\router\\index.js:582:12)\n    at next (C:\\Users\\dell\\Desktop\\Todo\\server\\node_modules\\router\\index.js:291:5)\n    at cookieParser (C:\\Users\\dell\\Desktop\\Todo\\server\\node_modules\\cookie-parser\\index.js:57:14)\n    at Layer.handleRequest (C:\\Users\\dell\\Desktop\\Todo\\server\\node_modules\\router\\lib\\layer.js:152:17)","statusCode":500,"timestamp":"2026-02-27T06:27:39.259Z"}
{"level":"info","message":{"method":"OPTIONS","requestId":"7559a142-ec47-43f0-8306-e40be63b87ea","url":"/api/users/login"},"timestamp":"2026-02-27T06:27:39.960Z"}
{"level":"error","message":"Cannot set property query of #<IncomingMessage> which has only a getter","stack":"TypeError: Cannot set property query of #<IncomingMessage> which has only a getter\n    at C:\\Users\\dell\\Desktop\\Todo\\server\\node_modules\\express-mongo-sanitize\\index.js:113:18\n    at Array.forEach (<anonymous>)\n    at C:\\Users\\dell\\Desktop\\Todo\\server\\node_modules\\express-mongo-sanitize\\index.js:110:44\n    at Layer.handleRequest (C:\\Users\\dell\\Desktop\\Todo\\server\\node_modules\\router\\lib\\layer.js:152:17)\n    at trimPrefix (C:\\Users\\dell\\Desktop\\Todo\\server\\node_modules\\router\\index.js:342:13)\n    at C:\\Users\\dell\\Desktop\\Todo\\server\\node_modules\\router\\index.js:297:9\n    at processParams (C:\\Users\\dell\\Desktop\\Todo\\server\\node_modules\\router\\index.js:582:12)\n    at next (C:\\Users\\dell\\Desktop\\Todo\\server\\node_modules\\router\\index.js:291:5)\n    at cookieParser (C:\\Users\\dell\\Desktop\\Todo\\server\\node_modules\\cookie-parser\\index.js:57:14)\n    at Layer.handleRequest (C:\\Users\\dell\\Desktop\\Todo\\server\\node_modules\\router\\lib\\layer.js:152:17)","statusCode":500,"timestamp":"2026-02-27T06:27:39.961Z"}
{"level":"info","message":{"method":"OPTIONS","requestId":"ee17a3b1-cacc-461b-bb77-b4028eff6e19","url":"/api/users/login"},"timestamp":"2026-02-27T06:28:56.189Z"}
{"level":"error","message":"Cannot set property query of #<IncomingMessage> which has only a getter","stack":"TypeError: Cannot set property query of #<IncomingMessage> which has only a getter\n    at C:\\Users\\dell\\Desktop\\Todo\\server\\node_modules\\express-mongo-sanitize\\index.js:113:18\n    at Array.forEach (<anonymous>)\n    at C:\\Users\\dell\\Desktop\\Todo\\server\\node_modules\\express-mongo-sanitize\\index.js:110:44\n    at Layer.handleRequest (C:\\Users\\dell\\Desktop\\Todo\\server\\node_modules\\router\\lib\\layer.js:152:17)\n    at trimPrefix (C:\\Users\\dell\\Desktop\\Todo\\server\\node_modules\\router\\index.js:342:13)\n    at C:\\Users\\dell\\Desktop\\Todo\\server\\node_modules\\router\\index.js:297:9\n    at processParams (C:\\Users\\dell\\Desktop\\Todo\\server\\node_modules\\router\\index.js:582:12)\n    at next (C:\\Users\\dell\\Desktop\\Todo\\server\\node_modules\\router\\index.js:291:5)\n    at cookieParser (C:\\Users\\dell\\Desktop\\Todo\\server\\node_modules\\cookie-parser\\index.js:57:14)\n    at Layer.handleRequest (C:\\Users\\dell\\Desktop\\Todo\\server\\node_modules\\router\\lib\\layer.js:152:17)","statusCode":500,"timestamp":"2026-02-27T06:28:56.195Z"}
{"level":"info","message":{"method":"OPTIONS","requestId":"be06cc97-df4e-4b76-9981-db6558381975","url":"/api/users/login"},"timestamp":"2026-02-27T06:30:44.378Z"}
{"level":"error","message":"Cannot set property query of #<IncomingMessage> which has only a getter","stack":"TypeError: Cannot set property query of #<IncomingMessage> which has only a getter\n    at C:\\Users\\dell\\Desktop\\Todo\\server\\node_modules\\express-mongo-sanitize\\index.js:113:18\n    at Array.forEach (<anonymous>)\n    at C:\\Users\\dell\\Desktop\\Todo\\server\\node_modules\\express-mongo-sanitize\\index.js:110:44\n    at Layer.handleRequest (C:\\Users\\dell\\Desktop\\Todo\\server\\node_modules\\router\\lib\\layer.js:152:17)\n    at trimPrefix (C:\\Users\\dell\\Desktop\\Todo\\server\\node_modules\\router\\index.js:342:13)\n    at C:\\Users\\dell\\Desktop\\Todo\\server\\node_modules\\router\\index.js:297:9\n    at processParams (C:\\Users\\dell\\Desktop\\Todo\\server\\node_modules\\router\\index.js:582:12)\n    at next (C:\\Users\\dell\\Desktop\\Todo\\server\\node_modules\\router\\index.js:291:5)\n    at cookieParser (C:\\Users\\dell\\Desktop\\Todo\\server\\node_modules\\cookie-parser\\index.js:57:14)\n    at Layer.handleRequest (C:\\Users\\dell\\Desktop\\Todo\\server\\node_modules\\router\\lib\\layer.js:152:17)","statusCode":500,"timestamp":"2026-02-27T06:30:44.385Z"}
{"level":"info","message":{"method":"OPTIONS","requestId":"854835e4-8a31-454d-a631-14da97508bb1","url":"/api/users/login"},"timestamp":"2026-02-27T06:31:15.326Z"}
{"level":"error","message":"Cannot set property query of #<IncomingMessage> which has only a getter","stack":"TypeError: Cannot set property query of #<IncomingMessage> which has only a getter\n    at C:\\Users\\dell\\Desktop\\Todo\\server\\node_modules\\express-mongo-sanitize\\index.js:113:18\n    at Array.forEach (<anonymous>)\n    at C:\\Users\\dell\\Desktop\\Todo\\server\\node_modules\\express-mongo-sanitize\\index.js:110:44\n    at Layer.handleRequest (C:\\Users\\dell\\Desktop\\Todo\\server\\node_modules\\router\\lib\\layer.js:152:17)\n    at trimPrefix (C:\\Users\\dell\\Desktop\\Todo\\server\\node_modules\\router\\index.js:342:13)\n    at C:\\Users\\dell\\Desktop\\Todo\\server\\node_modules\\router\\index.js:297:9\n    at processParams (C:\\Users\\dell\\Desktop\\Todo\\server\\node_modules\\router\\index.js:582:12)\n    at next (C:\\Users\\dell\\Desktop\\Todo\\server\\node_modules\\router\\index.js:291:5)\n    at cookieParser (C:\\Users\\dell\\Desktop\\Todo\\server\\node_modules\\cookie-parser\\index.js:57:14)\n    at Layer.handleRequest (C:\\Users\\dell\\Desktop\\Todo\\server\\node_modules\\router\\lib\\layer.js:152:17)","statusCode":500,"timestamp":"2026-02-27T06:31:15.333Z"}
{"level":"info","message":{"method":"OPTIONS","requestId":"5f7a6df1-0e42-413f-9e16-9f173b6456c1","url":"/api/users/login"},"timestamp":"2026-02-27T06:37:20.359Z"}
{"level":"error","message":"Cannot set property query of #<IncomingMessage> which has only a getter","stack":"TypeError: Cannot set property query of #<IncomingMessage> which has only a getter\n    at C:\\Users\\dell\\Desktop\\Todo\\server\\node_modules\\xss-clean\\lib\\index.js:8:30\n    at Layer.handleRequest (C:\\Users\\dell\\Desktop\\Todo\\server\\node_modules\\router\\lib\\layer.js:152:17)\n    at trimPrefix (C:\\Users\\dell\\Desktop\\Todo\\server\\node_modules\\router\\index.js:342:13)\n    at C:\\Users\\dell\\Desktop\\Todo\\server\\node_modules\\router\\index.js:297:9\n    at processParams (C:\\Users\\dell\\Desktop\\Todo\\server\\node_modules\\router\\index.js:582:12)\n    at next (C:\\Users\\dell\\Desktop\\Todo\\server\\node_modules\\router\\index.js:291:5)\n    at C:\\Users\\dell\\Desktop\\Todo\\server\\src\\app.js:73:3\n    at Layer.handleRequest (C:\\Users\\dell\\Desktop\\Todo\\server\\node_modules\\router\\lib\\layer.js:152:17)\n    at trimPrefix (C:\\Users\\dell\\Desktop\\Todo\\server\\node_modules\\router\\index.js:342:13)\n    at C:\\Users\\dell\\Desktop\\Todo\\server\\node_modules\\router\\index.js:297:9","statusCode":500,"timestamp":"2026-02-27T06:37:20.364Z"}
{"level":"info","message":{"method":"OPTIONS","requestId":"49012cf6-49a9-4d32-a42f-ef27adcc2312","url":"/api/users/login"},"timestamp":"2026-02-27T06:39:02.343Z"}
{"level":"error","message":"Cannot set property query of #<IncomingMessage> which has only a getter","stack":"TypeError: Cannot set property query of #<IncomingMessage> which has only a getter\n    at C:\\Users\\dell\\Desktop\\Todo\\server\\node_modules\\xss-clean\\lib\\index.js:8:30\n    at Layer.handleRequest (C:\\Users\\dell\\Desktop\\Todo\\server\\node_modules\\router\\lib\\layer.js:152:17)\n    at trimPrefix (C:\\Users\\dell\\Desktop\\Todo\\server\\node_modules\\router\\index.js:342:13)\n    at C:\\Users\\dell\\Desktop\\Todo\\server\\node_modules\\router\\index.js:297:9\n    at processParams (C:\\Users\\dell\\Desktop\\Todo\\server\\node_modules\\router\\index.js:582:12)\n    at next (C:\\Users\\dell\\Desktop\\Todo\\server\\node_modules\\router\\index.js:291:5)\n    at C:\\Users\\dell\\Desktop\\Todo\\server\\src\\app.js:73:3\n    at Layer.handleRequest (C:\\Users\\dell\\Desktop\\Todo\\server\\node_modules\\router\\lib\\layer.js:152:17)\n    at trimPrefix (C:\\Users\\dell\\Desktop\\Todo\\server\\node_modules\\router\\index.js:342:13)\n    at C:\\Users\\dell\\Desktop\\Todo\\server\\node_modules\\router\\index.js:297:9","statusCode":500,"timestamp":"2026-02-27T06:39:02.362Z"}
{"level":"info","message":{"method":"OPTIONS","requestId":"e8311dc7-9a7e-49cd-bae0-7b4794f7a88b","url":"/api/users/login"},"timestamp":"2026-02-27T06:43:38.423Z"}
{"level":"info","message":{"method":"POST","requestId":"a5461d57-7e0b-42a1-ba8f-e8e8c13a74f8","url":"/api/users/login"},"timestamp":"2026-02-27T06:43:38.458Z"}
{"level":"error","message":"secretOrPrivateKey must have a value","stack":"Error: secretOrPrivateKey must have a value\n    at module.exports [as sign] (C:\\Users\\dell\\Desktop\\Todo\\server\\node_modules\\jsonwebtoken\\sign.js:111:20)\n    at C:\\Users\\dell\\Desktop\\Todo\\server\\src\\controller\\userCtrl.js:79:28","statusCode":500,"timestamp":"2026-02-27T06:43:38.670Z"}
{"level":"info","message":{"method":"OPTIONS","requestId":"785b747a-1df3-4fbf-910e-ef01ba1e22a0","url":"/api/users/login"},"timestamp":"2026-02-27T06:47:59.540Z"}
{"level":"info","message":{"method":"POST","requestId":"9983cce0-b1bb-4903-b7b5-2db5a2af475b","url":"/api/users/login"},"timestamp":"2026-02-27T06:47:59.552Z"}
{"level":"info","message":{"method":"OPTIONS","requestId":"6f465f73-9d5e-4ffe-afd8-7ca99bd1d1ae","url":"/api/todos?page=1&limit=6&search=&priority=&archived=false"},"timestamp":"2026-02-27T06:48:00.131Z"}
{"level":"info","message":{"method":"GET","requestId":"f7d99370-f369-4570-a716-9cfdcdc1d591","url":"/api/todos?page=1&limit=6&search=&priority=&archived=false"},"timestamp":"2026-02-27T06:48:00.134Z"}
{"level":"info","message":{"method":"OPTIONS","requestId":"f6b4868d-34df-40ca-933d-94356ea661bf","url":"/api/todos/analytics"},"timestamp":"2026-02-27T06:48:03.801Z"}
{"level":"info","message":{"method":"OPTIONS","requestId":"c88ee07d-1d20-4f94-ad5c-d9ced35f21cd","url":"/api/todos/analytics"},"timestamp":"2026-02-27T06:48:03.803Z"}
{"level":"info","message":{"method":"GET","requestId":"e3f5ad17-368b-44d9-8ea6-6c08edef4d7f","url":"/api/todos/analytics"},"timestamp":"2026-02-27T06:48:03.804Z"}
{"level":"info","message":{"method":"GET","requestId":"de5a4a3c-59ff-47ca-aa00-29d186fab02a","url":"/api/todos/analytics"},"timestamp":"2026-02-27T06:48:03.812Z"}
{"level":"info","message":{"method":"GET","requestId":"802b813f-0b1b-4433-9cff-a73875a9f4d9","url":"/api/todos/analytics"},"timestamp":"2026-02-27T06:48:07.999Z"}
{"level":"info","message":{"method":"GET","requestId":"04a417a3-44ae-4bde-8ea4-e8b00971fef8","url":"/api/todos/analytics"},"timestamp":"2026-02-27T06:48:08.004Z"}
{"level":"info","message":{"method":"OPTIONS","requestId":"03ee0512-401e-4c24-af4d-fd0a69494c5c","url":"/api/todos?page=1&limit=6&search=&priority=&archived=false"},"timestamp":"2026-02-27T06:48:09.867Z"}
{"level":"info","message":{"method":"GET","requestId":"28ad0393-a7a0-4457-b5aa-1499d147d4af","url":"/api/todos?page=1&limit=6&search=&priority=&archived=false"},"timestamp":"2026-02-27T06:48:09.869Z"}
{"level":"info","message":{"method":"OPTIONS","requestId":"9414c3ad-915f-471d-9062-ade86d99d742","url":"/api/todos/69a044f0167018332969e127"},"timestamp":"2026-02-27T06:48:13.372Z"}
{"level":"info","message":{"method":"OPTIONS","requestId":"450ae7ce-8637-4ac6-b088-cc37906c8feb","url":"/api/todos/69a044f0167018332969e127"},"timestamp":"2026-02-27T06:48:13.374Z"}
{"level":"info","message":{"method":"GET","requestId":"f89de8df-336f-4610-bb66-a96f66131b91","url":"/api/todos/69a044f0167018332969e127"},"timestamp":"2026-02-27T06:48:13.377Z"}
{"level":"info","message":{"method":"GET","requestId":"c980b28b-352a-4984-8253-b5769a640aff","url":"/api/todos/69a044f0167018332969e127"},"timestamp":"2026-02-27T06:48:13.390Z"}
{"level":"info","message":{"method":"OPTIONS","requestId":"58a0975b-1448-4622-99d5-07664dfaf6c2","url":"/api/todos?page=1&limit=6&search=&priority=&archived=false"},"timestamp":"2026-02-27T06:48:17.875Z"}
{"level":"info","message":{"method":"GET","requestId":"6c8208d1-adf0-4786-b0e5-3dddc4797423","url":"/api/todos?page=1&limit=6&search=&priority=&archived=false"},"timestamp":"2026-02-27T06:48:17.879Z"}
{"level":"info","message":{"method":"OPTIONS","requestId":"42d20f11-2802-469f-ad37-6c25d0e06213","url":"/api/todos?page=1&limit=6&search=&priority=&archived=true"},"timestamp":"2026-02-27T06:48:19.694Z"}
{"level":"info","message":{"method":"GET","requestId":"6142af98-42aa-4a19-a53c-939b504dba9d","url":"/api/todos?page=1&limit=6&search=&priority=&archived=true"},"timestamp":"2026-02-27T06:48:19.698Z"}
{"level":"info","message":{"method":"OPTIONS","requestId":"5735c011-d873-49a4-902d-02a1456e7ae8","url":"/api/todos?page=1&limit=6&search=&priority=&archived=false"},"timestamp":"2026-02-27T06:48:26.935Z"}
{"level":"info","message":{"method":"GET","requestId":"cabf8295-2d20-451b-b794-cb0114583946","url":"/api/todos?page=1&limit=6&search=&priority=&archived=false"},"timestamp":"2026-02-27T06:48:26.939Z"}
{"level":"info","message":{"method":"OPTIONS","requestId":"c7d2e0fb-6989-4b61-86a0-71638907943a","url":"/api/todos/69a0458e167018332969e12b"},"timestamp":"2026-02-27T06:48:31.763Z"}
{"level":"info","message":{"method":"PUT","requestId":"b8d4adce-880b-4ea0-b86c-dd970132d55e","url":"/api/todos/69a0458e167018332969e12b"},"timestamp":"2026-02-27T06:48:31.765Z"}
{"level":"info","message":{"method":"GET","requestId":"e344392e-6781-4855-8442-2ade8db0eafe","url":"/api/todos?page=1&limit=6&search=&priority=&archived=false"},"timestamp":"2026-02-27T06:48:31.826Z"}
{"level":"info","message":{"method":"OPTIONS","requestId":"a6029b5b-8c59-46f7-8df0-e7f0d0cc9a82","url":"/api/todos?page=1&limit=6&search=&priority=&archived=false&status=completed"},"timestamp":"2026-02-27T06:48:33.924Z"}
{"level":"info","message":{"method":"GET","requestId":"9ef3d991-b029-4649-a05b-d8babc97d6ff","url":"/api/todos?page=1&limit=6&search=&priority=&archived=false&status=completed"},"timestamp":"2026-02-27T06:48:33.928Z"}
{"level":"info","message":{"method":"OPTIONS","requestId":"5f007728-2d5d-4338-9d95-5dc1e5a6f57a","url":"/api/todos?page=1&limit=6&search=&priority=&archived=false&status=pending"},"timestamp":"2026-02-27T06:48:35.211Z"}
{"level":"info","message":{"method":"GET","requestId":"d45e87ab-77c9-4a88-bec4-dd7114058010","url":"/api/todos?page=1&limit=6&search=&priority=&archived=false&status=pending"},"timestamp":"2026-02-27T06:48:35.216Z"}
{"level":"info","message":{"method":"GET","requestId":"2c84fda0-78fd-4fd8-b781-2eb987671c17","url":"/api/todos?page=1&limit=6&search=&priority=&archived=false&status=completed"},"timestamp":"2026-02-27T06:48:36.928Z"}
{"level":"info","message":{"method":"OPTIONS","requestId":"20ddd0ad-fb8a-4495-8f62-024c9584a251","url":"/api/todos?page=1&limit=6&search=&priority=&archived=false&status=pending"},"timestamp":"2026-02-27T06:48:43.037Z"}
{"level":"info","message":{"method":"GET","requestId":"0ad4d4f3-1160-479b-90dd-28a659ff2c33","url":"/api/todos?page=1&limit=6&search=&priority=&archived=false&status=pending"},"timestamp":"2026-02-27T06:48:43.040Z"}
{"level":"info","message":{"method":"OPTIONS","requestId":"324e8d76-9379-4cd3-9ebe-40c8d35f71a0","url":"/api/todos?page=1&limit=6&search=&priority=&archived=false"},"timestamp":"2026-02-27T06:48:44.355Z"}
{"level":"info","message":{"method":"GET","requestId":"ffa5cae5-806e-4af5-ac55-3a04a0587fc5","url":"/api/todos?page=1&limit=6&search=&priority=&archived=false"},"timestamp":"2026-02-27T06:48:44.360Z"}
{"level":"info","message":{"method":"OPTIONS","requestId":"6c39b8a5-07bb-4509-aea2-2f0ee802e174","url":"/api/users/logout"},"timestamp":"2026-02-27T06:48:49.738Z"}
{"level":"info","message":{"method":"POST","requestId":"f167ff2e-5d78-41b3-a1f5-1784d74ffda5","url":"/api/users/logout"},"timestamp":"2026-02-27T06:48:49.743Z"}
{"level":"info","message":{"method":"OPTIONS","requestId":"20de705c-c128-4459-970e-25623223062c","url":"/api/users/login"},"timestamp":"2026-02-27T06:49:02.554Z"}
{"level":"info","message":{"method":"POST","requestId":"f9d2773f-8f6e-4eff-b55b-ae9c36556886","url":"/api/users/login"},"timestamp":"2026-02-27T06:49:02.557Z"}
{"level":"info","message":{"method":"OPTIONS","requestId":"1a4b7476-6122-4daf-87fc-39f65b206e20","url":"/api/todos?page=1&limit=6&search=&priority=&archived=false"},"timestamp":"2026-02-27T06:49:03.127Z"}
{"level":"info","message":{"method":"GET","requestId":"b7ff55dd-aab8-4ad6-9dd1-ffcc5ee3ca62","url":"/api/todos?page=1&limit=6&search=&priority=&archived=false"},"timestamp":"2026-02-27T06:49:03.131Z"}
{"level":"info","message":{"method":"OPTIONS","requestId":"a07b0020-b1e6-41c8-9fd5-18428878d142","url":"/api/todos/69a0458e167018332969e12b"},"timestamp":"2026-02-27T06:49:04.848Z"}
{"level":"info","message":{"method":"OPTIONS","requestId":"23992251-da36-4089-8e6f-d4bf1c7b707f","url":"/api/todos/69a0458e167018332969e12b"},"timestamp":"2026-02-27T06:49:04.850Z"}
{"level":"info","message":{"method":"GET","requestId":"ed89a3ad-bd4c-4626-ab4f-1bef9bd59b67","url":"/api/todos/69a0458e167018332969e12b"},"timestamp":"2026-02-27T06:49:04.852Z"}
{"level":"info","message":{"method":"GET","requestId":"4a10136d-c2ee-4ab8-9406-094eef1bceae","url":"/api/todos/69a0458e167018332969e12b"},"timestamp":"2026-02-27T06:49:04.855Z"}
{"level":"info","message":{"method":"GET","requestId":"7aa54610-e513-4afd-b644-db571d13be81","url":"/api/todos?page=1&limit=6&search=&priority=&archived=false"},"timestamp":"2026-02-27T06:49:06.817Z"}
{"level":"info","message":{"method":"GET","requestId":"922f1e6a-2345-45d4-a285-b9df33943858","url":"/api/todos/69a0458e167018332969e12b"},"timestamp":"2026-02-27T06:49:08.671Z"}
{"level":"info","message":{"method":"GET","requestId":"e7274afb-73ea-42a5-93d6-f01677f88c2d","url":"/api/todos/69a0458e167018332969e12b"},"timestamp":"2026-02-27T06:49:08.675Z"}
{"level":"info","message":{"method":"OPTIONS","requestId":"7accc17e-3c68-4ffc-b0ca-9245cb09a466","url":"/api/todos/69a0458e167018332969e12b"},"timestamp":"2026-02-27T06:49:14.723Z"}
{"level":"info","message":{"method":"PUT","requestId":"4fdd1730-d4c4-423b-aca3-3308948496f2","url":"/api/todos/69a0458e167018332969e12b"},"timestamp":"2026-02-27T06:49:14.727Z"}
{"level":"info","message":{"method":"OPTIONS","requestId":"7c4f1ce8-3be1-49e8-a0b3-f60b331bb4d9","url":"/api/todos?page=1&limit=6&search=&priority=&archived=false"},"timestamp":"2026-02-27T06:49:15.910Z"}
{"level":"info","message":{"method":"GET","requestId":"af05ce85-39bc-4baa-b112-9b34939b7ca1","url":"/api/todos?page=1&limit=6&search=&priority=&archived=false"},"timestamp":"2026-02-27T06:49:15.914Z"}
{"level":"info","message":{"method":"OPTIONS","requestId":"ef46e82b-29f1-41af-9a5a-d3e1a4b3f262","url":"/api/todos?page=1&limit=6&search=&priority=&archived=false"},"timestamp":"2026-02-27T06:49:25.872Z"}
{"level":"info","message":{"method":"GET","requestId":"26eb7e46-ff7c-4a41-998b-a5364d547882","url":"/api/todos?page=1&limit=6&search=&priority=&archived=false"},"timestamp":"2026-02-27T06:49:25.875Z"}
{"level":"info","message":{"method":"OPTIONS","requestId":"f2d9c2eb-d86d-4253-b9e5-40948dff62fe","url":"/api/todos?page=1&limit=6&search=&priority=&archived=false"},"timestamp":"2026-02-27T06:59:57.971Z"}
{"level":"info","message":{"method":"GET","requestId":"3262aa3e-63d5-47f8-a387-bff3f72145da","url":"/api/todos?page=1&limit=6&search=&priority=&archived=false"},"timestamp":"2026-02-27T06:59:57.978Z"}
{"level":"info","message":{"method":"OPTIONS","requestId":"ad841180-80d7-493f-900d-dc25525ad0e5","url":"/api/todos/analytics"},"timestamp":"2026-02-27T06:59:59.624Z"}
{"level":"info","message":{"method":"OPTIONS","requestId":"5722b69e-efc1-437b-822b-86ea3a162489","url":"/api/todos/analytics"},"timestamp":"2026-02-27T06:59:59.628Z"}
{"level":"info","message":{"method":"GET","requestId":"959f0e2d-f245-49b5-8ca0-72558dba1ff2","url":"/api/todos/analytics"},"timestamp":"2026-02-27T06:59:59.630Z"}
{"level":"info","message":{"method":"GET","requestId":"e203158d-c3c8-4a5f-8597-233989f68baa","url":"/api/todos/analytics"},"timestamp":"2026-02-27T06:59:59.633Z"}
{"level":"info","message":{"method":"GET","requestId":"56caa945-5a2d-4460-a206-cc6d4f61d67a","url":"/api/todos/analytics"},"timestamp":"2026-02-27T07:00:04.394Z"}
{"level":"info","message":{"method":"GET","requestId":"63ad26b3-edda-4bf2-93a3-d240f0d73f80","url":"/api/todos/analytics"},"timestamp":"2026-02-27T07:00:04.400Z"}
{"level":"info","message":{"method":"OPTIONS","requestId":"5d81a01b-d33f-4d8a-ba12-3f2d758e87d3","url":"/api/todos?page=1&limit=6&search=&priority=&archived=false"},"timestamp":"2026-02-27T07:00:12.246Z"}
{"level":"info","message":{"method":"GET","requestId":"aeabaa84-9519-4ca2-a622-1990cc634823","url":"/api/todos?page=1&limit=6&search=&priority=&archived=false"},"timestamp":"2026-02-27T07:00:12.251Z"}
{"level":"info","message":{"method":"OPTIONS","requestId":"74ad1799-291c-4681-8aed-7f78b8c3fbd3","url":"/api/todos?page=1&limit=6&search=&priority=&archived=false"},"timestamp":"2026-02-27T07:04:53.537Z"}
{"level":"info","message":{"method":"GET","requestId":"eeee9203-96d5-4f93-b384-7c6940550681","url":"/api/todos?page=1&limit=6&search=&priority=&archived=false"},"timestamp":"2026-02-27T07:04:53.543Z"}
{"level":"info","message":{"method":"OPTIONS","requestId":"803d29e9-9373-4d7b-91a3-b6547fe9573d","url":"/api/todos/analytics"},"timestamp":"2026-02-27T07:04:54.917Z"}
{"level":"info","message":{"method":"OPTIONS","requestId":"c30b7574-b713-4866-82ce-6b9535cade5c","url":"/api/todos/analytics"},"timestamp":"2026-02-27T07:04:54.919Z"}
{"level":"info","message":{"method":"GET","requestId":"a1a52714-9de3-492d-a222-875509910ccb","url":"/api/todos/analytics"},"timestamp":"2026-02-27T07:04:54.923Z"}
{"level":"info","message":{"method":"GET","requestId":"5712bb9e-d8ef-48ef-9005-358bd15b1be3","url":"/api/todos/analytics"},"timestamp":"2026-02-27T07:04:54.926Z"}
{"level":"info","message":{"method":"OPTIONS","requestId":"163e344f-5acc-4b26-b4da-81f1624659fe","url":"/api/todos/analytics"},"timestamp":"2026-02-27T07:07:19.464Z"}
{"level":"info","message":{"method":"OPTIONS","requestId":"fc134ee3-10a3-4224-ad42-bb0106ddc3df","url":"/api/todos/analytics"},"timestamp":"2026-02-27T07:07:19.467Z"}
{"level":"info","message":{"method":"GET","requestId":"5c74ad47-26c7-4547-81e4-f8c1824a12e8","url":"/api/todos/analytics"},"timestamp":"2026-02-27T07:07:19.471Z"}
{"level":"info","message":{"method":"GET","requestId":"0d42e447-5c09-4e52-b906-fa6d8dca7a54","url":"/api/todos/analytics"},"timestamp":"2026-02-27T07:07:19.480Z"}
{"level":"info","message":{"method":"OPTIONS","requestId":"a164841e-aba7-46c9-b4c5-1868e9fdd872","url":"/api/todos?page=1&limit=6&search=&priority=&archived=false"},"timestamp":"2026-02-27T07:07:22.592Z"}
{"level":"info","message":{"method":"GET","requestId":"1a8dc3fe-e3e4-4024-88c2-52b055c1b56d","url":"/api/todos?page=1&limit=6&search=&priority=&archived=false"},"timestamp":"2026-02-27T07:07:22.596Z"}
{"level":"info","message":{"method":"GET","requestId":"1f3cd78b-5412-45c5-b92d-7adfbfad2d2c","url":"/api/todos/analytics"},"timestamp":"2026-02-27T07:07:24.146Z"}
{"level":"info","message":{"method":"GET","requestId":"223b93e2-b2d6-4667-b87a-15cb4c13ee19","url":"/api/todos/analytics"},"timestamp":"2026-02-27T07:07:24.152Z"}
{"level":"info","message":{"method":"OPTIONS","requestId":"bf336c5a-9bcb-4d38-be47-7d47dd3210d3","url":"/api/todos?page=1&limit=6&search=&priority=&archived=false"},"timestamp":"2026-02-27T07:07:27.658Z"}
{"level":"info","message":{"method":"GET","requestId":"b30ec643-6d35-491b-9d4b-0bd287244b7d","url":"/api/todos?page=1&limit=6&search=&priority=&archived=false"},"timestamp":"2026-02-27T07:07:27.663Z"}
{"level":"info","message":{"method":"OPTIONS","requestId":"e95fac61-ed82-405c-9474-81b24ac554ee","url":"/api/todos?page=1&limit=6&search=&priority=low&archived=false"},"timestamp":"2026-02-27T07:07:37.739Z"}
{"level":"info","message":{"method":"GET","requestId":"2ebbe870-6557-4150-9847-b5f68a327b89","url":"/api/todos?page=1&limit=6&search=&priority=low&archived=false"},"timestamp":"2026-02-27T07:07:37.744Z"}
{"level":"info","message":{"method":"OPTIONS","requestId":"3a941c91-626f-4a6c-8895-f0badfd00cd1","url":"/api/todos?page=1&limit=6&search=&priority=medium&archived=false"},"timestamp":"2026-02-27T07:07:39.907Z"}
{"level":"info","message":{"method":"GET","requestId":"a40c711d-020c-4e4e-a601-c2811ef4b3e3","url":"/api/todos?page=1&limit=6&search=&priority=medium&archived=false"},"timestamp":"2026-02-27T07:07:39.912Z"}
{"level":"info","message":{"method":"OPTIONS","requestId":"541ff13b-2136-42ec-bf8a-0517f3ebb575","url":"/api/todos?page=1&limit=6&search=&priority=high&archived=false"},"timestamp":"2026-02-27T07:07:42.290Z"}
{"level":"info","message":{"method":"GET","requestId":"fd74232c-11d5-4873-8333-0d0dd2c1bc29","url":"/api/todos?page=1&limit=6&search=&priority=high&archived=false"},"timestamp":"2026-02-27T07:07:42.295Z"}
{"level":"info","message":{"method":"OPTIONS","requestId":"7a6ee512-8a49-4414-8c6b-2dd5c724abc9","url":"/api/todos?page=1&limit=6&search=&priority=&archived=false"},"timestamp":"2026-02-27T07:07:45.744Z"}
{"level":"info","message":{"method":"GET","requestId":"f91d1ec9-654b-4cca-a6c7-f6780d03e272","url":"/api/todos?page=1&limit=6&search=&priority=&archived=false"},"timestamp":"2026-02-27T07:07:45.749Z"}
{"level":"info","message":{"method":"OPTIONS","requestId":"7c94062f-a9c6-486a-8d72-f2c5fcb1ab3e","url":"/api/todos?page=1&limit=6&search=c&priority=&archived=false"},"timestamp":"2026-02-27T07:07:48.214Z"}
{"level":"info","message":{"method":"GET","requestId":"64612d97-a77b-40fb-bda2-31d4e601a1f6","url":"/api/todos?page=1&limit=6&search=c&priority=&archived=false"},"timestamp":"2026-02-27T07:07:48.218Z"}
{"level":"info","message":{"method":"OPTIONS","requestId":"b7c3b6d5-0942-44cf-821d-512dd3624ee5","url":"/api/todos?page=1&limit=6&search=co&priority=&archived=false"},"timestamp":"2026-02-27T07:07:48.731Z"}
{"level":"info","message":{"method":"GET","requestId":"dedc490b-9a96-4909-aecf-30ce8f1c747d","url":"/api/todos?page=1&limit=6&search=co&priority=&archived=false"},"timestamp":"2026-02-27T07:07:48.736Z"}
{"level":"info","message":{"method":"OPTIONS","requestId":"3014d51a-82d3-4dda-912e-1a4a3718ffcf","url":"/api/todos?page=1&limit=6&search=com&priority=&archived=false"},"timestamp":"2026-02-27T07:07:49.166Z"}
{"level":"info","message":{"method":"GET","requestId":"8394f4c0-f4df-4dca-aa18-d21a30bf8e56","url":"/api/todos?page=1&limit=6&search=com&priority=&archived=false"},"timestamp":"2026-02-27T07:07:49.171Z"}
{"level":"info","message":{"method":"GET","requestId":"35aea941-86ee-49b0-8773-fe30c9e379bd","url":"/api/todos?page=1&limit=6&search=c&priority=&archived=false"},"timestamp":"2026-02-27T07:07:50.699Z"}
{"level":"info","message":{"method":"OPTIONS","requestId":"abd91046-cada-4e69-abf7-4b5f5825ee7d","url":"/api/todos?page=1&limit=6&search=&priority=&archived=false"},"timestamp":"2026-02-27T07:07:51.334Z"}
{"level":"info","message":{"method":"GET","requestId":"4556046b-7c45-429a-93df-56d8f0eaf506","url":"/api/todos?page=1&limit=6&search=&priority=&archived=false"},"timestamp":"2026-02-27T07:07:51.339Z"}
{"level":"info","message":{"method":"OPTIONS","requestId":"57bc41b1-8aa7-44a2-9ee6-c30735e729f7","url":"/api/todos?page=1&limit=6&search=&priority=&archived=false"},"timestamp":"2026-02-27T07:08:50.648Z"}
{"level":"info","message":{"method":"GET","requestId":"46b2e13a-28e5-4b40-8c64-a2ab77a1faf8","url":"/api/todos?page=1&limit=6&search=&priority=&archived=false"},"timestamp":"2026-02-27T07:08:50.654Z"}
{"level":"info","message":{"method":"OPTIONS","requestId":"a3534292-4d7c-40f6-ae1b-fc39080c27a2","url":"/api/todos?page=1&limit=6&search=&priority=&archived=false&status=pending"},"timestamp":"2026-02-27T07:08:52.551Z"}
{"level":"info","message":{"method":"GET","requestId":"cb59e6e4-8252-4100-b516-a1178ac13341","url":"/api/todos?page=1&limit=6&search=&priority=&archived=false&status=pending"},"timestamp":"2026-02-27T07:08:52.555Z"}
{"level":"info","message":{"method":"GET","requestId":"f6933aaa-b233-45e8-9eea-e62350e0e248","url":"/api/todos?page=1&limit=6&search=&priority=&archived=false"},"timestamp":"2026-02-27T07:08:53.925Z"}
{"level":"info","message":{"method":"OPTIONS","requestId":"7ff6e2a8-d300-4eca-8d62-437b23473013","url":"/api/todos?page=1&limit=6&search=&priority=&archived=false"},"timestamp":"2026-02-27T07:08:59.841Z"}
{"level":"info","message":{"method":"GET","requestId":"2d18df35-4428-4dcd-a3ba-94d4aaeeaaf1","url":"/api/todos?page=1&limit=6&search=&priority=&archived=false"},"timestamp":"2026-02-27T07:08:59.846Z"}
{"level":"info","message":{"method":"OPTIONS","requestId":"e16d589c-909c-4c35-a608-a9964bba8a49","url":"/api/todos?page=1&limit=6&search=&priority=&archived=false"},"timestamp":"2026-02-27T07:19:51.728Z"}
{"level":"info","message":{"method":"GET","requestId":"c190248c-7757-49f0-b2a3-c128947875ef","url":"/api/todos?page=1&limit=6&search=&priority=&archived=false"},"timestamp":"2026-02-27T07:19:51.731Z"}
{"level":"info","message":{"method":"OPTIONS","requestId":"93e3456e-e82e-47fa-ae09-c9b52e1948d6","url":"/api/todos?page=1&limit=6&search=&priority=&archived=false"},"timestamp":"2026-02-27T07:20:08.048Z"}
{"level":"info","message":{"method":"GET","requestId":"d940b71e-772c-409b-b09a-767d8e4df749","url":"/api/todos?page=1&limit=6&search=&priority=&archived=false"},"timestamp":"2026-02-27T07:20:08.060Z"}
{"level":"info","message":{"method":"OPTIONS","requestId":"aa478039-0bca-4e1e-a238-1d3a9f985e69","url":"/api/todos?page=1&limit=6&search=&priority=&archived=false"},"timestamp":"2026-02-27T07:24:24.943Z"}
{"level":"info","message":{"method":"GET","requestId":"0916aa0e-9156-4d5f-b3a7-2d4361bfc9b8","url":"/api/todos?page=1&limit=6&search=&priority=&archived=false"},"timestamp":"2026-02-27T07:24:24.949Z"}
{"level":"info","message":{"method":"OPTIONS","requestId":"5aa08f39-586a-456c-abe3-e2ca8df39924","url":"/api/todos"},"timestamp":"2026-02-27T07:26:44.849Z"}
{"level":"info","message":{"method":"POST","requestId":"793a56f2-2f19-47df-af76-c3ab28691015","url":"/api/todos"},"timestamp":"2026-02-27T07:26:44.854Z"}
{"level":"info","message":{"method":"OPTIONS","requestId":"7fc3a7fb-6039-4c94-8c34-f9a844c34053","url":"/api/todos?page=1&limit=6&search=&priority=&archived=false"},"timestamp":"2026-02-27T07:26:46.182Z"}
{"level":"info","message":{"method":"GET","requestId":"8aac22ba-04ce-4409-bd69-7e6eec260f01","url":"/api/todos?page=1&limit=6&search=&priority=&archived=false"},"timestamp":"2026-02-27T07:26:46.188Z"}
{"level":"info","message":{"method":"OPTIONS","requestId":"face66c8-9eae-4ed3-bbec-e87daab20cd3","url":"/api/todos/69a14734d15fb6455dde8d93"},"timestamp":"2026-02-27T07:26:51.232Z"}
{"level":"info","message":{"method":"OPTIONS","requestId":"51215449-f257-44d5-afcd-d3894c962f06","url":"/api/todos/69a14734d15fb6455dde8d93"},"timestamp":"2026-02-27T07:26:51.233Z"}
{"level":"info","message":{"method":"GET","requestId":"02394cdb-a0ea-47f2-83ea-d80c875697df","url":"/api/todos/69a14734d15fb6455dde8d93"},"timestamp":"2026-02-27T07:26:51.239Z"}
{"level":"info","message":{"method":"GET","requestId":"4ee1c40d-f742-46db-aacf-b976e702e021","url":"/api/todos/69a14734d15fb6455dde8d93"},"timestamp":"2026-02-27T07:26:51.243Z"}
{"level":"info","message":{"method":"OPTIONS","requestId":"76a27af6-b85f-4ad7-b9fe-d24a5a0eaae7","url":"/api/todos?page=1&limit=6&search=&priority=&archived=false"},"timestamp":"2026-02-27T07:26:53.893Z"}
{"level":"info","message":{"method":"GET","requestId":"8556f626-6b0e-4f32-835e-4c13e329fc82","url":"/api/todos?page=1&limit=6&search=&priority=&archived=false"},"timestamp":"2026-02-27T07:26:53.897Z"}
{"level":"info","message":{"method":"OPTIONS","requestId":"f21d6766-b9de-4bf4-94d1-a586bf4013d5","url":"/api/todos/69a14734d15fb6455dde8d93"},"timestamp":"2026-02-27T07:30:30.902Z"}
{"level":"info","message":{"method":"OPTIONS","requestId":"1a28f0df-7e0f-45b2-a293-5504a9ac1581","url":"/api/todos/69a14734d15fb6455dde8d93"},"timestamp":"2026-02-27T07:30:30.903Z"}
{"level":"info","message":{"method":"GET","requestId":"a6c3e053-16e1-4c9c-a9b3-0c143fb8444c","url":"/api/todos/69a14734d15fb6455dde8d93"},"timestamp":"2026-02-27T07:30:30.905Z"}
{"level":"info","message":{"method":"GET","requestId":"ce53fb01-0cc5-4241-bb89-5a1da78ec2ec","url":"/api/todos/69a14734d15fb6455dde8d93"},"timestamp":"2026-02-27T07:30:30.908Z"}
{"level":"info","message":{"method":"OPTIONS","requestId":"a41cc421-9aa8-4b80-bf74-a6a92b2b92be","url":"/api/todos?page=1&limit=6&search=&priority=&archived=false"},"timestamp":"2026-02-27T07:30:41.026Z"}
{"level":"info","message":{"method":"GET","requestId":"38ac9067-b68f-4e0c-8d72-a7d0a7d5b7a2","url":"/api/todos?page=1&limit=6&search=&priority=&archived=false"},"timestamp":"2026-02-27T07:30:41.032Z"}
{"level":"info","message":{"method":"OPTIONS","requestId":"45a0c0df-ea14-4fee-ace7-d4131c80c25d","url":"/api/todos/69a14734d15fb6455dde8d93"},"timestamp":"2026-02-27T07:33:35.602Z"}
{"level":"info","message":{"method":"OPTIONS","requestId":"1b8fbc5c-a794-47cf-a1c1-6d79cc29d776","url":"/api/todos/69a14734d15fb6455dde8d93"},"timestamp":"2026-02-27T07:33:35.604Z"}
{"level":"info","message":{"method":"GET","requestId":"54a90edd-2e8a-4ede-a56f-00ef932816ea","url":"/api/todos/69a14734d15fb6455dde8d93"},"timestamp":"2026-02-27T07:33:35.606Z"}
{"level":"info","message":{"method":"GET","requestId":"8938900a-34c6-4839-8170-c680dcaef4bd","url":"/api/todos/69a14734d15fb6455dde8d93"},"timestamp":"2026-02-27T07:33:35.624Z"}
{"level":"info","message":{"method":"OPTIONS","requestId":"0a2a8ebc-bc86-4871-a09b-42bbb086b00e","url":"/api/todos/69a14734d15fb6455dde8d93"},"timestamp":"2026-02-27T07:33:46.781Z"}
{"level":"info","message":{"method":"PUT","requestId":"344f82d4-cb3f-4a6e-a1e9-a6f8f151398d","url":"/api/todos/69a14734d15fb6455dde8d93"},"timestamp":"2026-02-27T07:33:46.790Z"}
{"level":"info","message":{"method":"OPTIONS","requestId":"798a7561-c917-4191-b1dd-7232fd87d458","url":"/api/todos?page=1&limit=6&search=&priority=&archived=false"},"timestamp":"2026-02-27T07:33:48.018Z"}
{"level":"info","message":{"method":"GET","requestId":"eed87f47-2a57-48d7-a793-00f87191cef9","url":"/api/todos?page=1&limit=6&search=&priority=&archived=false"},"timestamp":"2026-02-27T07:33:48.023Z"}
{"level":"info","message":{"method":"GET","requestId":"39d926a6-384b-4683-9089-f1c67815b0d8","url":"/api/todos/69a14734d15fb6455dde8d93"},"timestamp":"2026-02-27T07:33:50.405Z"}
{"level":"info","message":{"method":"GET","requestId":"19e37407-546c-4ea4-ba24-bcf6da2d7e78","url":"/api/todos/69a14734d15fb6455dde8d93"},"timestamp":"2026-02-27T07:33:50.411Z"}
{"level":"info","message":{"method":"OPTIONS","requestId":"f16b2275-1a57-4057-a55a-0f4d1ce3838f","url":"/api/todos/69a14734d15fb6455dde8d93"},"timestamp":"2026-02-27T07:33:55.156Z"}
{"level":"info","message":{"method":"PUT","requestId":"2efa4121-041f-48d5-a9c0-ac917ef6b806","url":"/api/todos/69a14734d15fb6455dde8d93"},"timestamp":"2026-02-27T07:33:55.159Z"}
{"level":"info","message":{"method":"OPTIONS","requestId":"2ce2fde7-d869-4361-b9e9-cfb2286a5c4e","url":"/api/todos?page=1&limit=6&search=&priority=&archived=false"},"timestamp":"2026-02-27T07:33:56.353Z"}
{"level":"info","message":{"method":"GET","requestId":"33c64685-718e-4ea0-a68f-87e43fd170f5","url":"/api/todos?page=1&limit=6&search=&priority=&archived=false"},"timestamp":"2026-02-27T07:33:56.357Z"}
{"level":"info","message":{"method":"GET","requestId":"b3a59352-1b50-449a-b4b5-fb7bf1bc0cd6","url":"/api/todos/69a14734d15fb6455dde8d93"},"timestamp":"2026-02-27T07:33:58.815Z"}
{"level":"info","message":{"method":"GET","requestId":"2114b0ef-7e26-4b1e-b42f-42af1a31df41","url":"/api/todos/69a14734d15fb6455dde8d93"},"timestamp":"2026-02-27T07:33:58.831Z"}
{"level":"info","message":{"method":"OPTIONS","requestId":"7bf66453-b577-49f5-9dcb-579b507ea5f8","url":"/api/todos/69a14734d15fb6455dde8d93"},"timestamp":"2026-02-27T07:34:07.697Z"}
{"level":"info","message":{"method":"PUT","requestId":"773d120c-a289-44e1-a164-740c60aff44a","url":"/api/todos/69a14734d15fb6455dde8d93"},"timestamp":"2026-02-27T07:34:07.704Z"}
{"level":"info","message":{"method":"OPTIONS","requestId":"9bc32dc1-e98e-4963-abf7-0bc49d197139","url":"/api/todos?page=1&limit=6&search=&priority=&archived=false"},"timestamp":"2026-02-27T07:34:08.906Z"}
{"level":"info","message":{"method":"GET","requestId":"1b2dc017-64e9-4e24-8e63-2623dbf0262e","url":"/api/todos?page=1&limit=6&search=&priority=&archived=false"},"timestamp":"2026-02-27T07:34:08.910Z"}
{"level":"info","message":{"method":"OPTIONS","requestId":"8318232d-f2eb-4f44-9855-8b48b922a45c","url":"/api/todos?page=1&limit=6&search=&priority=&archived=false&status=pending"},"timestamp":"2026-02-27T07:34:12.694Z"}
{"level":"info","message":{"method":"GET","requestId":"8d7132f8-a60b-481b-a3fc-bf8a8f4062ba","url":"/api/todos?page=1&limit=6&search=&priority=&archived=false&status=pending"},"timestamp":"2026-02-27T07:34:12.698Z"}
{"level":"info","message":{"method":"OPTIONS","requestId":"e8216597-8028-4e97-a167-b0ba9938e677","url":"/api/todos?page=1&limit=6&search=&priority=&archived=false&status=completed"},"timestamp":"2026-02-27T07:34:14.348Z"}
{"level":"info","message":{"method":"GET","requestId":"55986bd4-5b08-450d-9bfe-9a8d44e33ab3","url":"/api/todos?page=1&limit=6&search=&priority=&archived=false&status=completed"},"timestamp":"2026-02-27T07:34:14.352Z"}
{"level":"info","message":{"method":"OPTIONS","requestId":"4459e9cd-1e35-4e86-935a-b8aee03498d5","url":"/api/todos?page=1&limit=6&search=&priority=&archived=false"},"timestamp":"2026-02-27T07:34:15.696Z"}
{"level":"info","message":{"method":"GET","requestId":"7d2db864-9603-4f4b-8f22-b3658a42ad2d","url":"/api/todos?page=1&limit=6&search=&priority=&archived=false"},"timestamp":"2026-02-27T07:34:15.701Z"}
{"level":"info","message":{"method":"OPTIONS","requestId":"5fdcc052-d456-4f1a-bc3b-fb708931f8e3","url":"/api/todos/69a14734d15fb6455dde8d93"},"timestamp":"2026-02-27T07:34:18.870Z"}
{"level":"info","message":{"method":"OPTIONS","requestId":"935e633d-5da8-49b4-b853-ab443f70e412","url":"/api/todos/69a14734d15fb6455dde8d93"},"timestamp":"2026-02-27T07:34:18.877Z"}
{"level":"info","message":{"method":"GET","requestId":"9c9a6376-4ead-4637-b4ae-ea7b503dbb63","url":"/api/todos/69a14734d15fb6455dde8d93"},"timestamp":"2026-02-27T07:34:18.882Z"}
{"level":"info","message":{"method":"GET","requestId":"79dc7944-368e-4ea6-830b-05c889d56f13","url":"/api/todos/69a14734d15fb6455dde8d93"},"timestamp":"2026-02-27T07:34:18.889Z"}
{"level":"info","message":{"method":"OPTIONS","requestId":"59b9f5ac-c889-4752-9530-55da4db4c589","url":"/api/todos?page=1&limit=6&search=&priority=&archived=false"},"timestamp":"2026-02-27T07:34:22.486Z"}
{"level":"info","message":{"method":"GET","requestId":"23b57b5e-1525-415e-b59c-0b2194d8e2b6","url":"/api/todos?page=1&limit=6&search=&priority=&archived=false"},"timestamp":"2026-02-27T07:34:22.491Z"}
{"level":"info","message":{"method":"OPTIONS","requestId":"e9d585f5-65d5-4985-8921-5ecba6f3b8d3","url":"/api/todos?page=1&limit=6&search=&priority=&archived=false"},"timestamp":"2026-02-27T07:34:28.360Z"}
{"level":"info","message":{"method":"GET","requestId":"c751a6d1-e267-4036-ad94-9d2a6b0d8eb6","url":"/api/todos?page=1&limit=6&search=&priority=&archived=false"},"timestamp":"2026-02-27T07:34:28.365Z"}
{"level":"info","message":{"method":"OPTIONS","requestId":"f2212634-bf8b-411b-bffc-bfe5fd0b019d","url":"/api/todos/69a14734d15fb6455dde8d93"},"timestamp":"2026-02-27T07:34:30.368Z"}
{"level":"info","message":{"method":"OPTIONS","requestId":"18e4f036-8a58-4fc7-a8f0-72d971d1aa69","url":"/api/todos/69a14734d15fb6455dde8d93"},"timestamp":"2026-02-27T07:34:30.374Z"}
{"level":"info","message":{"method":"GET","requestId":"40c563c2-b4d0-4919-ac5c-f9610e7eb8dc","url":"/api/todos/69a14734d15fb6455dde8d93"},"timestamp":"2026-02-27T07:34:30.377Z"}
{"level":"info","message":{"method":"GET","requestId":"dffed5f8-d8a5-4884-acf3-b9989d159eaa","url":"/api/todos/69a14734d15fb6455dde8d93"},"timestamp":"2026-02-27T07:34:30.386Z"}
{"level":"info","message":{"method":"GET","requestId":"2882a5e3-2752-4a20-9379-cc70570833cb","url":"/api/todos?page=1&limit=6&search=&priority=&archived=false"},"timestamp":"2026-02-27T07:34:32.115Z"}
{"level":"info","message":{"method":"GET","requestId":"b3c96fdd-67ce-47aa-8a57-f3ca9f58a23f","url":"/api/todos/69a14734d15fb6455dde8d93"},"timestamp":"2026-02-27T07:34:33.194Z"}
{"level":"info","message":{"method":"GET","requestId":"d3286056-747a-4afa-a1eb-4d154a005398","url":"/api/todos/69a14734d15fb6455dde8d93"},"timestamp":"2026-02-27T07:34:33.202Z"}
{"level":"info","message":{"method":"OPTIONS","requestId":"dfcfbde6-cc76-4f6a-96a8-f65bab7cefd0","url":"/api/todos/69a14734d15fb6455dde8d93"},"timestamp":"2026-02-27T07:34:37.770Z"}
{"level":"info","message":{"method":"PUT","requestId":"18719880-ccf1-4caa-83d5-a6580d89cdc6","url":"/api/todos/69a14734d15fb6455dde8d93"},"timestamp":"2026-02-27T07:34:37.779Z"}
{"level":"info","message":{"method":"OPTIONS","requestId":"2d255a56-4288-4047-956e-d6767a597a99","url":"/api/todos?page=1&limit=6&search=&priority=&archived=false"},"timestamp":"2026-02-27T07:34:38.973Z"}
{"level":"info","message":{"method":"GET","requestId":"3d50688b-c409-4100-896e-073d6e03d109","url":"/api/todos?page=1&limit=6&search=&priority=&archived=false"},"timestamp":"2026-02-27T07:34:38.977Z"}
{"level":"info","message":{"method":"OPTIONS","requestId":"e864a6a1-f725-4cbc-ad09-81d19370e3f6","url":"/api/todos/69a14734d15fb6455dde8d93"},"timestamp":"2026-02-27T07:34:42.842Z"}
{"level":"info","message":{"method":"OPTIONS","requestId":"76bef943-f507-4410-8d0b-0484791cc043","url":"/api/todos/69a14734d15fb6455dde8d93"},"timestamp":"2026-02-27T07:34:42.846Z"}
{"level":"info","message":{"method":"GET","requestId":"d18afb4d-a198-4832-805f-80831ddda4ed","url":"/api/todos/69a14734d15fb6455dde8d93"},"timestamp":"2026-02-27T07:34:42.851Z"}
{"level":"info","message":{"method":"GET","requestId":"164d8065-8b5c-4fcb-a86f-3461800bc5cc","url":"/api/todos/69a14734d15fb6455dde8d93"},"timestamp":"2026-02-27T07:34:42.857Z"}
{"level":"info","message":{"method":"OPTIONS","requestId":"623385d1-5c5b-4112-a7e7-cc193916177a","url":"/api/todos/69a14734d15fb6455dde8d93"},"timestamp":"2026-02-27T07:34:48.775Z"}
{"level":"info","message":{"method":"PUT","requestId":"1b2ec895-7403-4928-a2f5-f8d833687ded","url":"/api/todos/69a14734d15fb6455dde8d93"},"timestamp":"2026-02-27T07:34:48.778Z"}
{"level":"info","message":{"method":"OPTIONS","requestId":"bbd359a3-2784-452c-8d12-478276495bfd","url":"/api/todos?page=1&limit=6&search=&priority=&archived=false"},"timestamp":"2026-02-27T07:34:49.969Z"}
{"level":"info","message":{"method":"GET","requestId":"f1caa12b-6fbc-4798-8c5c-ba3325f7608e","url":"/api/todos?page=1&limit=6&search=&priority=&archived=false"},"timestamp":"2026-02-27T07:34:49.973Z"}
{"level":"info","message":{"method":"OPTIONS","requestId":"cc33a7eb-08b6-44da-b0c4-79deb2021643","url":"/api/todos/69a14734d15fb6455dde8d93"},"timestamp":"2026-02-27T07:34:56.680Z"}
{"level":"info","message":{"method":"OPTIONS","requestId":"e154246e-fd53-4e83-aa15-a823521f644a","url":"/api/todos/69a14734d15fb6455dde8d93"},"timestamp":"2026-02-27T07:34:56.682Z"}
{"level":"info","message":{"method":"GET","requestId":"62c94fe1-b88e-4b00-a55a-ec0a6c3d1b02","url":"/api/todos/69a14734d15fb6455dde8d93"},"timestamp":"2026-02-27T07:34:56.692Z"}
{"level":"info","message":{"method":"GET","requestId":"c0fd9178-56fa-4524-881b-df753a8b98af","url":"/api/todos/69a14734d15fb6455dde8d93"},"timestamp":"2026-02-27T07:34:56.697Z"}
{"level":"info","message":{"method":"OPTIONS","requestId":"6c1999e9-36c9-4a09-9f65-702470d271a3","url":"/api/todos?page=1&limit=6&search=&priority=&archived=false"},"timestamp":"2026-02-27T07:34:59.026Z"}
{"level":"info","message":{"method":"GET","requestId":"ca6c6ef5-8d31-438a-bb9a-99714f4e55e7","url":"/api/todos?page=1&limit=6&search=&priority=&archived=false"},"timestamp":"2026-02-27T07:34:59.031Z"}
{"level":"info","message":{"method":"GET","requestId":"cbe7517e-888d-4c11-b95f-f23e7fd4cb0d","url":"/api/todos?page=1&limit=6&search=&priority=&archived=false"},"timestamp":"2026-02-27T07:35:03.481Z"}
{"level":"info","message":{"method":"OPTIONS","requestId":"8947c898-0ad1-4706-ac19-9ebf62ec4723","url":"/api/todos/69a14734d15fb6455dde8d93"},"timestamp":"2026-02-27T07:35:05.170Z"}
{"level":"info","message":{"method":"OPTIONS","requestId":"831d0421-0c8c-4123-91cb-d20f3caac080","url":"/api/todos/69a14734d15fb6455dde8d93"},"timestamp":"2026-02-27T07:35:05.172Z"}
{"level":"info","message":{"method":"GET","requestId":"a599806c-4a5e-42ea-be1d-407edad6ed5a","url":"/api/todos/69a14734d15fb6455dde8d93"},"timestamp":"2026-02-27T07:35:05.174Z"}
{"level":"info","message":{"method":"GET","requestId":"805038f7-b9c0-4304-afe4-f1f045e95f57","url":"/api/todos/69a14734d15fb6455dde8d93"},"timestamp":"2026-02-27T07:35:05.178Z"}
{"level":"info","message":{"method":"OPTIONS","requestId":"9eb37278-d64f-4f10-a736-8e70e006bfde","url":"/api/todos?page=1&limit=6&search=&priority=&archived=false"},"timestamp":"2026-02-27T07:35:07.202Z"}
{"level":"info","message":{"method":"GET","requestId":"5befbaf8-1a34-4ed3-97ff-54fe5c341d42","url":"/api/todos?page=1&limit=6&search=&priority=&archived=false"},"timestamp":"2026-02-27T07:35:07.206Z"}
{"level":"info","message":{"method":"GET","requestId":"598013c4-707a-40b1-8e4b-d1bda44a25ac","url":"/api/todos/69a14734d15fb6455dde8d93"},"timestamp":"2026-02-27T07:35:08.521Z"}
{"level":"info","message":{"method":"GET","requestId":"65fcc98f-7937-4228-bba3-5b40e6b41739","url":"/api/todos/69a14734d15fb6455dde8d93"},"timestamp":"2026-02-27T07:35:08.526Z"}
{"level":"info","message":{"method":"OPTIONS","requestId":"b77dc2f9-50a7-4347-a147-316b8b83b120","url":"/api/todos?page=1&limit=6&search=&priority=&archived=false"},"timestamp":"2026-02-27T07:35:18.517Z"}
{"level":"info","message":{"method":"GET","requestId":"048bd912-b5f9-4aa8-919f-1fcbdaa8755e","url":"/api/todos?page=1&limit=6&search=&priority=&archived=false"},"timestamp":"2026-02-27T07:35:18.525Z"}
{"level":"info","message":{"method":"OPTIONS","requestId":"b214dbc3-7751-492f-9cea-cbb07f7db8c0","url":"/api/todos?page=1&limit=6&search=&priority=&archived=false"},"timestamp":"2026-02-27T07:38:20.413Z"}
{"level":"info","message":{"method":"GET","requestId":"64ee7969-1f77-45ba-990d-01bcf5475920","url":"/api/todos?page=1&limit=6&search=&priority=&archived=false"},"timestamp":"2026-02-27T07:38:20.421Z"}
{"level":"info","message":{"method":"OPTIONS","requestId":"b0a85efe-2371-4566-8c18-82ec717ed8fe","url":"/api/todos/69a14734d15fb6455dde8d93"},"timestamp":"2026-02-27T07:38:21.723Z"}
{"level":"info","message":{"method":"OPTIONS","requestId":"497647f0-5033-4309-b7fd-c48070612f58","url":"/api/todos/69a14734d15fb6455dde8d93"},"timestamp":"2026-02-27T07:38:21.724Z"}
{"level":"info","message":{"method":"GET","requestId":"7e6ebf8a-2088-4287-90c5-6c86c670c211","url":"/api/todos/69a14734d15fb6455dde8d93"},"timestamp":"2026-02-27T07:38:21.764Z"}
{"level":"info","message":{"method":"GET","requestId":"86509642-9d8a-4a1e-95cf-552899fda9d6","url":"/api/todos/69a14734d15fb6455dde8d93"},"timestamp":"2026-02-27T07:38:21.811Z"}
{"level":"info","message":{"method":"OPTIONS","requestId":"a73a29cf-47ab-4439-9887-9522df250f1d","url":"/api/todos?page=1&limit=6&search=&priority=&archived=false"},"timestamp":"2026-02-27T07:39:05.612Z"}
{"level":"info","message":{"method":"GET","requestId":"59625e00-11bc-477e-bb18-c384d8952224","url":"/api/todos?page=1&limit=6&search=&priority=&archived=false"},"timestamp":"2026-02-27T07:39:05.619Z"}
{"level":"info","message":{"method":"OPTIONS","requestId":"d77cf95f-a33e-47e5-b7b6-2ea309e506e6","url":"/api/users/login"},"timestamp":"2026-02-27T07:59:05.328Z"}
{"level":"info","message":{"method":"POST","requestId":"020f6204-00f1-40d2-b43b-58f67c10c959","url":"/api/users/login"},"timestamp":"2026-02-27T07:59:05.334Z"}
{"level":"info","message":{"method":"OPTIONS","requestId":"6a269ca9-836e-4ad5-828b-fa445dc0b810","url":"/api/todos?page=1&limit=6&search=&priority=&archived=false"},"timestamp":"2026-02-27T07:59:06.119Z"}
{"level":"info","message":{"method":"GET","requestId":"511cbff2-0fdc-4a45-ac57-01275fd213f3","url":"/api/todos?page=1&limit=6&search=&priority=&archived=false"},"timestamp":"2026-02-27T07:59:06.124Z"}
{"level":"info","message":{"method":"GET","requestId":"36ed2884-3b6d-4011-933f-7b6c383d5212","url":"/api/todos?page=1&limit=6&search=&priority=&archived=false"},"timestamp":"2026-02-27T07:59:08.270Z"}
{"level":"info","message":{"method":"GET","requestId":"e2ced014-38ee-445c-a1c6-cf7cad67ee8b","url":"/api/todos?page=1&limit=6&search=&priority=&archived=false"},"timestamp":"2026-02-27T07:59:09.825Z"}
{"level":"info","message":{"method":"OPTIONS","requestId":"a32a20aa-4781-480f-9382-18dc715bad47","url":"/api/todos?page=1&limit=6&search=&priority=&archived=false&status=pending"},"timestamp":"2026-02-27T07:59:20.037Z"}
{"level":"info","message":{"method":"GET","requestId":"d9a76164-8a28-4716-9f2f-66eb155175da","url":"/api/todos?page=1&limit=6&search=&priority=&archived=false&status=pending"},"timestamp":"2026-02-27T07:59:20.042Z"}
{"level":"info","message":{"method":"OPTIONS","requestId":"e4a498d8-29d4-459f-af71-b5b63a1db94a","url":"/api/todos?page=1&limit=6&search=&priority=&archived=false&status=in-progress"},"timestamp":"2026-02-27T07:59:21.086Z"}
{"level":"info","message":{"method":"GET","requestId":"3d84dad8-33cc-42fa-a156-edb990632803","url":"/api/todos?page=1&limit=6&search=&priority=&archived=false&status=in-progress"},"timestamp":"2026-02-27T07:59:21.089Z"}
{"level":"info","message":{"method":"OPTIONS","requestId":"d9ebd09d-10df-4bfe-ba5a-d9eed3ee690f","url":"/api/todos?page=1&limit=6&search=&priority=&archived=false&status=completed"},"timestamp":"2026-02-27T07:59:23.471Z"}
{"level":"info","message":{"method":"GET","requestId":"e59308de-86fb-4461-9f66-1515b48ea5d0","url":"/api/todos?page=1&limit=6&search=&priority=&archived=false&status=completed"},"timestamp":"2026-02-27T07:59:23.476Z"}
{"level":"info","message":{"method":"GET","requestId":"000cff26-d872-40d9-af77-6f1d15271821","url":"/api/todos?page=1&limit=6&search=&priority=&archived=false&status=in-progress"},"timestamp":"2026-02-27T07:59:25.156Z"}
{"level":"info","message":{"method":"OPTIONS","requestId":"5f5be5d3-e25c-40a8-acf0-a806a8210c7f","url":"/api/todos?page=1&limit=6&search=&priority=&archived=false&status=pending"},"timestamp":"2026-02-27T07:59:25.991Z"}
{"level":"info","message":{"method":"GET","requestId":"dc8d6360-2aa4-45d1-b327-4ea0272eb74f","url":"/api/todos?page=1&limit=6&search=&priority=&archived=false&status=pending"},"timestamp":"2026-02-27T07:59:25.995Z"}
{"level":"info","message":{"method":"OPTIONS","requestId":"c8496e7f-b909-4edc-9654-49ac5ebbd089","url":"/api/todos/69a14734d15fb6455dde8d93"},"timestamp":"2026-02-27T07:59:28.316Z"}
{"level":"info","message":{"method":"OPTIONS","requestId":"d368c86f-b08d-4655-9bab-bf03501dbd2a","url":"/api/todos/69a14734d15fb6455dde8d93"},"timestamp":"2026-02-27T07:59:28.319Z"}
{"level":"info","message":{"method":"GET","requestId":"f3f2882d-dadb-47e2-be99-41da80119368","url":"/api/todos/69a14734d15fb6455dde8d93"},"timestamp":"2026-02-27T07:59:28.321Z"}
{"level":"info","message":{"method":"GET","requestId":"ac726eba-f6b1-405c-b004-fac8f4b46cf0","url":"/api/todos/69a14734d15fb6455dde8d93"},"timestamp":"2026-02-27T07:59:28.329Z"}
{"level":"info","message":{"method":"OPTIONS","requestId":"74d2c3c5-fdc9-4179-8fe3-49573ed71137","url":"/api/todos/69a14734d15fb6455dde8d93"},"timestamp":"2026-02-27T07:59:33.034Z"}
{"level":"info","message":{"method":"PUT","requestId":"b83f715e-b884-41da-9afa-84647342bf89","url":"/api/todos/69a14734d15fb6455dde8d93"},"timestamp":"2026-02-27T07:59:33.037Z"}
{"level":"info","message":{"method":"OPTIONS","requestId":"7b94799b-3607-49f6-bf08-08eb8231555a","url":"/api/todos?page=1&limit=6&search=&priority=&archived=false"},"timestamp":"2026-02-27T07:59:34.234Z"}
{"level":"info","message":{"method":"GET","requestId":"2d045a4d-f8c8-44b9-b1b9-67acc49b69c9","url":"/api/todos?page=1&limit=6&search=&priority=&archived=false"},"timestamp":"2026-02-27T07:59:34.239Z"}
{"level":"info","message":{"method":"OPTIONS","requestId":"ce97d87e-74cd-4752-b80c-b99b2ffdfc47","url":"/api/todos?page=1&limit=6&search=&priority=&archived=false&status=in-progress"},"timestamp":"2026-02-27T07:59:35.984Z"}
{"level":"info","message":{"method":"GET","requestId":"b3edd130-d99e-4c6c-80d4-a8953269401d","url":"/api/todos?page=1&limit=6&search=&priority=&archived=false&status=in-progress"},"timestamp":"2026-02-27T07:59:35.989Z"}
{"level":"info","message":{"method":"OPTIONS","requestId":"d98d08b8-6a4e-473f-8140-a8c69e64f766","url":"/api/todos?page=1&limit=6&search=&priority=&archived=false"},"timestamp":"2026-02-27T07:59:40.342Z"}
{"level":"info","message":{"method":"GET","requestId":"23b12bb0-9e9a-4516-ad76-ae147b6dc0e3","url":"/api/todos?page=1&limit=6&search=&priority=&archived=false"},"timestamp":"2026-02-27T07:59:40.347Z"}
{"level":"info","message":{"method":"OPTIONS","requestId":"a685e9d0-5d42-43f3-a32b-4e077ae667b3","url":"/api/todos/69a14734d15fb6455dde8d93"},"timestamp":"2026-02-27T07:59:42.075Z"}
{"level":"info","message":{"method":"PUT","requestId":"8ecd5b2e-8173-4c57-b000-ad0b39b41a83","url":"/api/todos/69a14734d15fb6455dde8d93"},"timestamp":"2026-02-27T07:59:42.078Z"}
{"level":"info","message":{"method":"GET","requestId":"f5c70e2d-cead-42ab-b6ad-51d140148ffd","url":"/api/todos?page=1&limit=6&search=&priority=&archived=false"},"timestamp":"2026-02-27T07:59:42.131Z"}
{"level":"info","message":{"method":"OPTIONS","requestId":"80d50867-3194-414a-b222-d23d590673e6","url":"/api/todos?page=1&limit=6&search=&priority=&archived=false&status=completed"},"timestamp":"2026-02-27T07:59:43.926Z"}
{"level":"info","message":{"method":"GET","requestId":"edcf283a-021c-4df1-b733-71fab388a3a6","url":"/api/todos?page=1&limit=6&search=&priority=&archived=false&status=completed"},"timestamp":"2026-02-27T07:59:43.931Z"}
{"level":"info","message":{"method":"OPTIONS","requestId":"cdcba70a-49e6-4a65-a574-b36eede8eb04","url":"/api/todos?page=1&limit=6&search=&priority=&archived=false&status=in-progress"},"timestamp":"2026-02-27T07:59:45.229Z"}
{"level":"info","message":{"method":"GET","requestId":"8cd3581f-cdb2-4505-95e8-8c112d473d87","url":"/api/todos?page=1&limit=6&search=&priority=&archived=false&status=in-progress"},"timestamp":"2026-02-27T07:59:45.233Z"}
{"level":"info","message":{"method":"OPTIONS","requestId":"2f95be8f-98ab-4c8f-a0b5-912a2903a3ac","url":"/api/todos?page=1&limit=6&search=&priority=&archived=false"},"timestamp":"2026-02-27T07:59:48.781Z"}
{"level":"info","message":{"method":"GET","requestId":"c39b86c0-0bfc-4fa2-93d5-5a42be61f7ff","url":"/api/todos?page=1&limit=6&search=&priority=&archived=false"},"timestamp":"2026-02-27T07:59:48.785Z"}
{"level":"info","message":{"method":"OPTIONS","requestId":"f1d6305b-6fa5-44d1-954e-add71523d054","url":"/api/todos/69a14734d15fb6455dde8d93"},"timestamp":"2026-02-27T07:59:50.218Z"}
{"level":"info","message":{"method":"PUT","requestId":"06ba2e7b-de21-4102-9ca3-f0fa9f3661c3","url":"/api/todos/69a14734d15fb6455dde8d93"},"timestamp":"2026-02-27T07:59:50.221Z"}
{"level":"info","message":{"method":"GET","requestId":"31ab6262-75a6-4da7-9e12-4bf5ad56d38f","url":"/api/todos?page=1&limit=6&search=&priority=&archived=false"},"timestamp":"2026-02-27T07:59:50.272Z"}
{"level":"info","message":{"method":"OPTIONS","requestId":"c42b75b4-9e7e-4332-9891-01c7ba788e79","url":"/api/todos?page=1&limit=6&search=&priority=&archived=false&status=completed"},"timestamp":"2026-02-27T07:59:52.888Z"}
{"level":"info","message":{"method":"GET","requestId":"8fb2bca3-262d-4fac-8c0a-d5b255338007","url":"/api/todos?page=1&limit=6&search=&priority=&archived=false&status=completed"},"timestamp":"2026-02-27T07:59:52.892Z"}
{"level":"info","message":{"method":"OPTIONS","requestId":"70c7285c-883a-4e41-a47e-9be9e42eed6e","url":"/api/todos?page=1&limit=6&search=&priority=&archived=false&status=in-progress"},"timestamp":"2026-02-27T07:59:53.907Z"}
{"level":"info","message":{"method":"GET","requestId":"00d1b56e-448a-4f55-9419-e38ff8a1785b","url":"/api/todos?page=1&limit=6&search=&priority=&archived=false&status=in-progress"},"timestamp":"2026-02-27T07:59:53.912Z"}
{"level":"info","message":{"method":"OPTIONS","requestId":"c6ca3bf9-4633-43d6-b02f-8674058ce96b","url":"/api/todos?page=1&limit=6&search=&priority=&archived=false"},"timestamp":"2026-02-27T07:59:55.840Z"}
{"level":"info","message":{"method":"GET","requestId":"5e51a4dc-478f-4f56-976c-7bd4e5dd82f3","url":"/api/todos?page=1&limit=6&search=&priority=&archived=false"},"timestamp":"2026-02-27T07:59:55.844Z"}
{"level":"info","message":{"method":"OPTIONS","requestId":"e3d36d29-39df-49c8-96b5-0f873c08d2b7","url":"/api/todos/69a0458e167018332969e12b"},"timestamp":"2026-02-27T07:59:58.359Z"}
{"level":"info","message":{"method":"OPTIONS","requestId":"bfdd6389-1647-46d3-b2df-6301fccc58ad","url":"/api/todos/69a0458e167018332969e12b"},"timestamp":"2026-02-27T07:59:58.362Z"}
{"level":"info","message":{"method":"GET","requestId":"374ca754-f430-4143-81f8-c3f8b8852595","url":"/api/todos/69a0458e167018332969e12b"},"timestamp":"2026-02-27T07:59:58.363Z"}
{"level":"info","message":{"method":"GET","requestId":"6e64f16f-2a06-465e-9592-c5c4ee54f73f","url":"/api/todos/69a0458e167018332969e12b"},"timestamp":"2026-02-27T07:59:58.368Z"}
{"level":"info","message":{"method":"OPTIONS","requestId":"6bbb5583-8bd6-4900-9b0a-c913bd6434ca","url":"/api/todos/69a0458e167018332969e12b"},"timestamp":"2026-02-27T08:00:01.485Z"}
{"level":"info","message":{"method":"PUT","requestId":"3c25ccc0-868c-4721-b849-07415c97f2b9","url":"/api/todos/69a0458e167018332969e12b"},"timestamp":"2026-02-27T08:00:01.488Z"}
{"level":"info","message":{"method":"OPTIONS","requestId":"82ede951-62fc-4ed1-9fc4-86eb16d1c796","url":"/api/todos?page=1&limit=6&search=&priority=&archived=false"},"timestamp":"2026-02-27T08:00:02.811Z"}
{"level":"info","message":{"method":"GET","requestId":"088a0572-c6dc-40de-b617-15f63a49b45f","url":"/api/todos?page=1&limit=6&search=&priority=&archived=false"},"timestamp":"2026-02-27T08:00:02.816Z"}
{"level":"info","message":{"method":"OPTIONS","requestId":"c68c2400-7550-4b3f-a2a3-e75367e5a7a2","url":"/api/todos?page=1&limit=6&search=&priority=&archived=false&status=completed"},"timestamp":"2026-02-27T08:00:06.942Z"}
{"level":"info","message":{"method":"GET","requestId":"032ececa-ca37-49fc-ac76-db996d26cc7c","url":"/api/todos?page=1&limit=6&search=&priority=&archived=false&status=completed"},"timestamp":"2026-02-27T08:00:06.948Z"}
{"level":"info","message":{"method":"OPTIONS","requestId":"6922040a-6df4-48e5-8cc1-c1b52b0ca5c8","url":"/api/todos?page=1&limit=6&search=&priority=&archived=false&status=in-progress"},"timestamp":"2026-02-27T08:00:08.036Z"}
{"level":"info","message":{"method":"GET","requestId":"9fd7ab83-e749-4fc2-adcf-6fd2bcf02f8d","url":"/api/todos?page=1&limit=6&search=&priority=&archived=false&status=in-progress"},"timestamp":"2026-02-27T08:00:08.040Z"}
{"level":"info","message":{"method":"GET","requestId":"138bd643-855a-442b-8f6d-a40f747817f2","url":"/api/todos?page=1&limit=6&search=&priority=&archived=false&status=completed"},"timestamp":"2026-02-27T08:00:09.969Z"}
{"level":"info","message":{"method":"OPTIONS","requestId":"dac480e2-3711-4e7b-8ee5-398cac6b4716","url":"/api/todos?page=1&limit=6&search=&priority=&archived=false"},"timestamp":"2026-02-27T08:00:13.056Z"}
{"level":"info","message":{"method":"GET","requestId":"71e7cce0-35d2-42b8-846f-d4f6f95c7f7a","url":"/api/todos?page=1&limit=6&search=&priority=&archived=false"},"timestamp":"2026-02-27T08:00:13.060Z"}
{"level":"info","message":{"method":"OPTIONS","requestId":"0ab11583-5325-4264-bd35-b7fb64c4b844","url":"/api/todos?page=1&limit=6&search=&priority=&archived=false&status=pending"},"timestamp":"2026-02-27T08:00:15.096Z"}
{"level":"info","message":{"method":"GET","requestId":"6a7148b4-db86-435c-aff1-1c8cf2df1154","url":"/api/todos?page=1&limit=6&search=&priority=&archived=false&status=pending"},"timestamp":"2026-02-27T08:00:15.101Z"}
{"level":"info","message":{"method":"OPTIONS","requestId":"96bb060b-c206-46fb-b409-0710b8ffcc62","url":"/api/todos?page=1&limit=6&search=&priority=&archived=false&status=in-progress"},"timestamp":"2026-02-27T08:00:16.227Z"}
{"level":"info","message":{"method":"GET","requestId":"e03ebc4e-4672-4dfd-a39d-ed2df7c527a9","url":"/api/todos?page=1&limit=6&search=&priority=&archived=false&status=in-progress"},"timestamp":"2026-02-27T08:00:16.231Z"}
{"level":"info","message":{"method":"OPTIONS","requestId":"5bc0ed70-2357-4cf1-a13a-c4e9f7e6c002","url":"/api/todos?page=1&limit=6&search=&priority=&archived=false"},"timestamp":"2026-02-27T08:00:18.361Z"}
{"level":"info","message":{"method":"GET","requestId":"0a57ff8a-795d-4715-86c2-752329f3f5dd","url":"/api/todos?page=1&limit=6&search=&priority=&archived=false"},"timestamp":"2026-02-27T08:00:18.366Z"}
{"level":"info","message":{"method":"OPTIONS","requestId":"c9d2d1ac-4704-41f4-bd16-a5c6564552c0","url":"/api/todos/69a0458e167018332969e12b"},"timestamp":"2026-02-27T08:00:21.094Z"}
{"level":"info","message":{"method":"PUT","requestId":"841dd156-31b5-4b8b-80f9-4abb9599ba32","url":"/api/todos/69a0458e167018332969e12b"},"timestamp":"2026-02-27T08:00:21.099Z"}
{"level":"info","message":{"method":"GET","requestId":"8b32a066-87ce-49f2-a96d-ae73fd75ae38","url":"/api/todos?page=1&limit=6&search=&priority=&archived=false"},"timestamp":"2026-02-27T08:00:21.153Z"}
{"level":"info","message":{"method":"OPTIONS","requestId":"074b9fac-0eeb-468c-b580-ce521d9e0963","url":"/api/todos?page=1&limit=6&search=&priority=&archived=false&status=completed"},"timestamp":"2026-02-27T08:00:22.558Z"}
{"level":"info","message":{"method":"GET","requestId":"56320f53-c70c-495f-a7fe-2af3dd6db3a5","url":"/api/todos?page=1&limit=6&search=&priority=&archived=false&status=completed"},"timestamp":"2026-02-27T08:00:22.562Z"}
{"level":"info","message":{"method":"OPTIONS","requestId":"23a1d157-0c70-4838-a676-408d79f3aec7","url":"/api/todos?page=1&limit=6&search=&priority=&archived=false&status=in-progress"},"timestamp":"2026-02-27T08:00:23.754Z"}
{"level":"info","message":{"method":"GET","requestId":"7086a4d1-fc6d-4b0c-81b6-914277341f79","url":"/api/todos?page=1&limit=6&search=&priority=&archived=false&status=in-progress"},"timestamp":"2026-02-27T08:00:23.758Z"}
{"level":"info","message":{"method":"OPTIONS","requestId":"184ee9c8-2f89-4220-bd09-d69bddccb86e","url":"/api/todos?page=1&limit=6&search=&priority=&archived=false"},"timestamp":"2026-02-27T08:00:26.600Z"}
{"level":"info","message":{"method":"GET","requestId":"dc31f5de-a5d2-4ff9-9c80-cbe1c8c5f99a","url":"/api/todos?page=1&limit=6&search=&priority=&archived=false"},"timestamp":"2026-02-27T08:00:26.605Z"}
{"level":"info","message":{"method":"OPTIONS","requestId":"c60494ce-c5df-4a0a-b6a5-2e255e3e61a2","url":"/api/todos/69a044f0167018332969e127"},"timestamp":"2026-02-27T08:00:30.712Z"}
{"level":"info","message":{"method":"OPTIONS","requestId":"0a232570-cacb-4b73-a7f1-f3edab5640b4","url":"/api/todos/69a044f0167018332969e127"},"timestamp":"2026-02-27T08:00:30.715Z"}
{"level":"info","message":{"method":"GET","requestId":"95a69d74-881e-47ad-85bb-9cf51042b8e1","url":"/api/todos/69a044f0167018332969e127"},"timestamp":"2026-02-27T08:00:30.717Z"}
{"level":"info","message":{"method":"GET","requestId":"f83b7f75-5eaa-40d1-a643-78d6cc6c62a6","url":"/api/todos/69a044f0167018332969e127"},"timestamp":"2026-02-27T08:00:30.720Z"}
{"level":"info","message":{"method":"OPTIONS","requestId":"fa298966-7017-465f-8c8c-c9156c4f9896","url":"/api/todos/69a044f0167018332969e127"},"timestamp":"2026-02-27T08:00:33.925Z"}
{"level":"info","message":{"method":"PUT","requestId":"8e9a07ba-5403-43f4-98b0-0f3ca4f6eda7","url":"/api/todos/69a044f0167018332969e127"},"timestamp":"2026-02-27T08:00:33.930Z"}
{"level":"info","message":{"method":"OPTIONS","requestId":"c9999f71-f8a5-4cc3-bff6-edbca0179839","url":"/api/todos?page=1&limit=6&search=&priority=&archived=false"},"timestamp":"2026-02-27T08:00:35.131Z"}
{"level":"info","message":{"method":"GET","requestId":"4720e23d-c19c-4555-b0f7-8cc85b424f89","url":"/api/todos?page=1&limit=6&search=&priority=&archived=false"},"timestamp":"2026-02-27T08:00:35.136Z"}
{"level":"info","message":{"method":"OPTIONS","requestId":"04142b06-212c-4a74-97d0-fdbca001c734","url":"/api/todos?page=1&limit=6&search=&priority=&archived=false&status=completed"},"timestamp":"2026-02-27T08:00:36.950Z"}
{"level":"info","message":{"method":"GET","requestId":"b2d5e1f1-258a-4a6b-ab57-6d2fc2139cee","url":"/api/todos?page=1&limit=6&search=&priority=&archived=false&status=completed"},"timestamp":"2026-02-27T08:00:36.954Z"}
{"level":"info","message":{"method":"OPTIONS","requestId":"4728dfa7-6c48-431f-8cd6-3ca13585b64b","url":"/api/todos?page=1&limit=6&search=&priority=&archived=false&status=in-progress"},"timestamp":"2026-02-27T08:00:38.483Z"}
{"level":"info","message":{"method":"GET","requestId":"4911ad59-99c2-4aa4-adc8-049004a867e3","url":"/api/todos?page=1&limit=6&search=&priority=&archived=false&status=in-progress"},"timestamp":"2026-02-27T08:00:38.488Z"}
{"level":"info","message":{"method":"OPTIONS","requestId":"a2776a8c-fb83-470c-9306-b1295e1d9512","url":"/api/todos?page=1&limit=6&search=&priority=&archived=false&status=pending"},"timestamp":"2026-02-27T08:00:39.787Z"}
{"level":"info","message":{"method":"GET","requestId":"ad4b1b18-2c3d-401f-b684-6ef7e4302a06","url":"/api/todos?page=1&limit=6&search=&priority=&archived=false&status=pending"},"timestamp":"2026-02-27T08:00:39.792Z"}
{"level":"info","message":{"method":"OPTIONS","requestId":"019b15aa-779b-4da5-85bc-060a16cc4f35","url":"/api/todos?page=1&limit=6&search=&priority=&archived=false"},"timestamp":"2026-02-27T08:00:40.635Z"}
{"level":"info","message":{"method":"GET","requestId":"ba872158-5c82-4557-97d0-f6eacb16876b","url":"/api/todos?page=1&limit=6&search=&priority=&archived=false"},"timestamp":"2026-02-27T08:00:40.640Z"}
{"level":"info","message":{"method":"OPTIONS","requestId":"fc9de139-5b91-4910-a049-c50ac4f891cd","url":"/api/users/login"},"timestamp":"2026-02-27T08:25:39.449Z"}
{"level":"info","message":{"method":"POST","requestId":"982189e4-32d5-4d22-8f54-8a94127d52a6","url":"/api/users/login"},"timestamp":"2026-02-27T08:25:39.465Z"}
{"level":"info","message":{"method":"OPTIONS","requestId":"6c0ad904-145d-4a94-9e9c-b430c0e276d9","url":"/api/todos?page=1&limit=6&search=&priority=&archived=false"},"timestamp":"2026-02-27T08:25:40.080Z"}
{"level":"info","message":{"method":"GET","requestId":"3e122803-a1e1-431b-85c7-10f3ef258862","url":"/api/todos?page=1&limit=6&search=&priority=&archived=false"},"timestamp":"2026-02-27T08:25:40.085Z"}
{"level":"info","message":{"method":"OPTIONS","requestId":"cbe0ce76-09a8-4fe9-a36b-d75c7a81a664","url":"/api/todos?page=1&limit=6&search=&priority=&archived=false&status=pending"},"timestamp":"2026-02-27T08:25:44.331Z"}
{"level":"info","message":{"method":"GET","requestId":"a198a89b-0bfd-4614-b198-f20a30a0a8b1","url":"/api/todos?page=1&limit=6&search=&priority=&archived=false&status=pending"},"timestamp":"2026-02-27T08:25:44.333Z"}
{"level":"info","message":{"method":"OPTIONS","requestId":"e90f742a-23ad-4ff9-9729-3f85d394ab03","url":"/api/todos?page=1&limit=6&search=&priority=&archived=false&status=in-progress"},"timestamp":"2026-02-27T08:25:45.366Z"}
{"level":"info","message":{"method":"GET","requestId":"c3a230a6-d474-45b5-a3a8-8a1b59f15fd3","url":"/api/todos?page=1&limit=6&search=&priority=&archived=false&status=in-progress"},"timestamp":"2026-02-27T08:25:45.368Z"}
{"level":"info","message":{"method":"OPTIONS","requestId":"305e4dda-253f-4a68-ba6b-d605b8655a0a","url":"/api/todos?page=1&limit=6&search=&priority=&archived=false&status=completed"},"timestamp":"2026-02-27T08:25:46.382Z"}
{"level":"info","message":{"method":"GET","requestId":"7c141f95-cd6e-4f0d-bba1-405cc81284b2","url":"/api/todos?page=1&limit=6&search=&priority=&archived=false&status=completed"},"timestamp":"2026-02-27T08:25:46.384Z"}
{"level":"info","message":{"method":"OPTIONS","requestId":"8148da5a-891e-433c-b227-4cf20f8dbe93","url":"/api/todos?page=1&limit=6&search=&priority=&archived=false"},"timestamp":"2026-02-27T08:25:47.551Z"}
{"level":"info","message":{"method":"GET","requestId":"026b3caf-f320-4dc9-be1f-277e5cfa8718","url":"/api/todos?page=1&limit=6&search=&priority=&archived=false"},"timestamp":"2026-02-27T08:25:47.556Z"}
{"level":"info","message":{"method":"OPTIONS","requestId":"6b1a6142-6633-489e-93b1-85b47814a2e7","url":"/api/todos/analytics"},"timestamp":"2026-02-27T08:25:49.062Z"}
{"level":"info","message":{"method":"OPTIONS","requestId":"abe5c955-94b5-4400-8bf0-2293df2fda6d","url":"/api/todos/analytics"},"timestamp":"2026-02-27T08:25:49.064Z"}
{"level":"info","message":{"method":"GET","requestId":"4cb0019c-d1a3-4844-a17e-687c0ff42474","url":"/api/todos/analytics"},"timestamp":"2026-02-27T08:25:49.068Z"}
{"level":"info","message":{"method":"GET","requestId":"221dc10d-30ff-4929-8c2e-2348c8516684","url":"/api/todos/analytics"},"timestamp":"2026-02-27T08:25:49.074Z"}
{"level":"info","message":{"method":"OPTIONS","requestId":"4f04584d-127a-4930-8a98-7f4ea1d4e2ef","url":"/api/todos?page=1&limit=6&search=&priority=&archived=false"},"timestamp":"2026-02-27T08:25:56.504Z"}
{"level":"info","message":{"method":"GET","requestId":"b37b7e9b-31b7-41d1-bcc5-be21673819ff","url":"/api/todos?page=1&limit=6&search=&priority=&archived=false"},"timestamp":"2026-02-27T08:25:56.511Z"}
{"level":"info","message":{"method":"OPTIONS","requestId":"448cab7a-9afe-4429-aa61-5e6386bd3ec8","url":"/api/todos?page=1&limit=6&search=&priority=&archived=false&status=in-progress"},"timestamp":"2026-02-27T08:26:03.253Z"}
{"level":"info","message":{"method":"GET","requestId":"a2e2360c-52cb-4e98-aaaa-4b228ce771f4","url":"/api/todos?page=1&limit=6&search=&priority=&archived=false&status=in-progress"},"timestamp":"2026-02-27T08:26:03.258Z"}
{"level":"info","message":{"method":"OPTIONS","requestId":"c636988b-779e-4515-aa61-14b5d295d3ee","url":"/api/todos?page=1&limit=6&search=&priority=&archived=false&status=completed"},"timestamp":"2026-02-27T08:26:04.669Z"}
{"level":"info","message":{"method":"GET","requestId":"ff97f6ae-60ef-4817-b0d8-0898692d2d8a","url":"/api/todos?page=1&limit=6&search=&priority=&archived=false&status=completed"},"timestamp":"2026-02-27T08:26:04.674Z"}
{"level":"info","message":{"method":"OPTIONS","requestId":"4baef274-2810-41d8-9cac-abe6cbcfd0cb","url":"/api/todos?page=1&limit=6&search=&priority=&archived=false&status=pending"},"timestamp":"2026-02-27T08:26:05.636Z"}
{"level":"info","message":{"method":"GET","requestId":"ac0002ca-f5f7-44fe-a495-d017ce62aa85","url":"/api/todos?page=1&limit=6&search=&priority=&archived=false&status=pending"},"timestamp":"2026-02-27T08:26:05.640Z"}
{"level":"info","message":{"method":"OPTIONS","requestId":"4c3e9622-b2ab-4bbe-9d2b-9df304d7bfe2","url":"/api/todos?page=1&limit=6&search=&priority=&archived=false"},"timestamp":"2026-02-27T08:26:07.270Z"}
{"level":"info","message":{"method":"GET","requestId":"f561e866-d865-4598-8c99-154a7cd3ae81","url":"/api/todos?page=1&limit=6&search=&priority=&archived=false"},"timestamp":"2026-02-27T08:26:07.272Z"}
{"level":"info","message":{"method":"OPTIONS","requestId":"99298b5d-10f6-40aa-8f28-5b509e177388","url":"/api/todos?page=1&limit=6&search=&priority=&archived=true"},"timestamp":"2026-02-27T08:26:10.873Z"}
{"level":"info","message":{"method":"GET","requestId":"6b53844d-7915-4822-a4d3-3ce362f1d9f1","url":"/api/todos?page=1&limit=6&search=&priority=&archived=true"},"timestamp":"2026-02-27T08:26:10.877Z"}
{"level":"info","message":{"method":"OPTIONS","requestId":"9afe7d29-3603-43c4-8c84-3a850c8cc9cd","url":"/api/todos?page=1&limit=6&search=&priority=&archived=false"},"timestamp":"2026-02-27T08:26:14.247Z"}
{"level":"info","message":{"method":"GET","requestId":"f14f91c0-1a88-456a-8349-bcfab68e68d2","url":"/api/todos?page=1&limit=6&search=&priority=&archived=false"},"timestamp":"2026-02-27T08:26:14.250Z"}
{"level":"info","message":{"method":"OPTIONS","requestId":"1a86504c-0174-447b-8593-5fe246a2a8ca","url":"/api/todos?page=1&limit=6&search=&priority=&archived=true"},"timestamp":"2026-02-27T08:26:18.450Z"}
{"level":"info","message":{"method":"GET","requestId":"317b0338-bcc2-4345-883f-73c22dcdeb53","url":"/api/todos?page=1&limit=6&search=&priority=&archived=true"},"timestamp":"2026-02-27T08:26:18.452Z"}
{"level":"info","message":{"method":"OPTIONS","requestId":"59127a8d-f23e-47be-aded-10519f463337","url":"/api/todos?page=1&limit=6&search=&priority=&archived=false"},"timestamp":"2026-02-27T08:26:20.203Z"}
{"level":"info","message":{"method":"GET","requestId":"5807ee60-1d7d-40cc-808e-57182f0df7ac","url":"/api/todos?page=1&limit=6&search=&priority=&archived=false"},"timestamp":"2026-02-27T08:26:20.208Z"}
{"level":"info","message":{"method":"OPTIONS","requestId":"d0ff7a2b-362e-4ed0-a402-7467e5f7ba57","url":"/api/todos?page=1&limit=6&search=&priority=low&archived=false"},"timestamp":"2026-02-27T08:26:21.989Z"}
{"level":"info","message":{"method":"GET","requestId":"c5f3b5b8-08f9-4a4a-b507-ccaed540d11c","url":"/api/todos?page=1&limit=6&search=&priority=low&archived=false"},"timestamp":"2026-02-27T08:26:21.991Z"}
{"level":"info","message":{"method":"OPTIONS","requestId":"c30e6da7-ff33-4c13-97e7-3c1cb079fe5f","url":"/api/todos?page=1&limit=6&search=&priority=medium&archived=false"},"timestamp":"2026-02-27T08:26:24.925Z"}
{"level":"info","message":{"method":"GET","requestId":"43bb37f2-8ba6-4e33-8312-5c13e7f615dd","url":"/api/todos?page=1&limit=6&search=&priority=medium&archived=false"},"timestamp":"2026-02-27T08:26:24.928Z"}
{"level":"info","message":{"method":"OPTIONS","requestId":"a9200a45-fc01-4fc2-a189-85796d0d602f","url":"/api/todos?page=1&limit=6&search=&priority=medium&archived=false&status=pending"},"timestamp":"2026-02-27T08:26:27.077Z"}
{"level":"info","message":{"method":"GET","requestId":"5cf978a7-856c-4f51-ac4c-23a88d08eeee","url":"/api/todos?page=1&limit=6&search=&priority=medium&archived=false&status=pending"},"timestamp":"2026-02-27T08:26:27.081Z"}
{"level":"info","message":{"method":"OPTIONS","requestId":"9d5a3efe-6405-450e-afbf-a555018d5bd0","url":"/api/todos?page=1&limit=6&search=&priority=&archived=false&status=pending"},"timestamp":"2026-02-27T08:26:29.516Z"}
{"level":"info","message":{"method":"GET","requestId":"ecadf879-b082-40b0-9d80-77b1b08c0a6d","url":"/api/todos?page=1&limit=6&search=&priority=&archived=false&status=pending"},"timestamp":"2026-02-27T08:26:29.519Z"}
{"level":"info","message":{"method":"OPTIONS","requestId":"6b382a29-6bc1-4bcc-9dc8-f9265db7a85e","url":"/api/todos?page=1&limit=6&search=&priority=&archived=false"},"timestamp":"2026-02-27T08:26:33.185Z"}
{"level":"info","message":{"method":"GET","requestId":"512790b1-17b9-4b68-a8dc-ef1f22f5a09b","url":"/api/todos?page=1&limit=6&search=&priority=&archived=false"},"timestamp":"2026-02-27T08:26:33.189Z"}
{"level":"info","message":{"method":"OPTIONS","requestId":"381a35b0-91af-4384-b09e-7e6ca92fcd66","url":"/api/todos?page=1&limit=6&search=up&priority=&archived=false"},"timestamp":"2026-02-27T08:26:37.303Z"}
{"level":"info","message":{"method":"GET","requestId":"9d316d50-bc09-4c04-b7b2-7f50aca02c19","url":"/api/todos?page=1&limit=6&search=up&priority=&archived=false"},"timestamp":"2026-02-27T08:26:37.311Z"}
{"level":"info","message":{"method":"OPTIONS","requestId":"37c1afad-c7ec-4cb2-89e1-e6d981990c50","url":"/api/todos?page=1&limit=6&search=&priority=&archived=false"},"timestamp":"2026-02-27T08:26:40.744Z"}
{"level":"info","message":{"method":"GET","requestId":"9d085384-69a5-4857-a861-5b2a2e946e46","url":"/api/todos?page=1&limit=6&search=&priority=&archived=false"},"timestamp":"2026-02-27T08:26:40.749Z"}
